[observe] Successfully connected to MQTT broker at localhost:1883
[observe] Observer connected, tapping into message stream...
[observe] Successfully connected to MQTT broker at localhost:1883
[observe] Observer connected, tapping into message stream...
[observe] Successfully connected to MQTT broker at localhost:1883
[observe] Observer connected, tapping into message stream...
/uufi/c/state/udmi: {"timestamp": "2026-05-07T18:23:51Z", "version": "1.5.2", "udmi": {"setup": {"functions_ver": 9, "transaction_id": "UUFI:butler:1854a138", "msg_source": "butler", "user": "merge"}}, "projectId": "vibrant", "transactionId": "UUFI:butler:1854a138", "publishTime": "2026-05-07T18:23:51Z", "source": "butler", "nonce": "065e7dd2", "principal": "merge"}
/uufi/c/config/udmi: {"timestamp": "2026-05-07T18:23:51Z", "version": "1.5.2", "udmi": {"setup": {"functions_min": 9, "functions_max": 9, "udmi_version": "1.5.2"}, "reply": {"functions_ver": 9, "transaction_id": "UUFI:butler:1854a138", "msg_source": "butler"}}, "projectId": "vibrant", "transactionId": "UUFI:butler:1854a138", "publishTime": "2026-05-07T18:23:51Z", "source": "mocket", "nonce": "0742eed8", "principal": "merge.mocket"}
/uufi/c/query/cloud: {"timestamp": "2026-05-07T18:23:51Z", "version": "1.5.2", "cloud": {"operation": "READ"}, "projectId": "vibrant", "transactionId": "UUFI:butler:97dbe631", "publishTime": "2026-05-07T18:23:51Z", "source": "butler", "nonce": "97dbe631", "principal": "merge"}
/uufi/c/config/cloud: {"timestamp": "2026-05-07T18:23:51Z", "version": "1.5.2", "cloud": {"registries": {}}, "projectId": "vibrant", "transactionId": "UUFI:butler:97dbe631", "publishTime": "2026-05-07T18:23:51Z", "source": "mocket", "nonce": "6b733a23", "principal": "merge.mocket"}
/uufi/c/query/cloud: {"timestamp": "2026-05-07T18:23:51Z", "version": "1.5.2", "cloud": {"operation": "READ"}, "projectId": "vibrant", "transactionId": "UUFI:butler:77620e18", "publishTime": "2026-05-07T18:23:51Z", "source": "butler", "nonce": "77620e18", "principal": "merge"}
/uufi/c/config/cloud: {"timestamp": "2026-05-07T18:23:51Z", "version": "1.5.2", "cloud": {"registries": {}}, "projectId": "vibrant", "transactionId": "UUFI:butler:77620e18", "publishTime": "2026-05-07T18:23:51Z", "source": "mocket", "nonce": "c74075e1", "principal": "merge.mocket"}
/uufi/c/query/cloud: {"timestamp": "2026-05-07T18:24:01Z", "version": "1.5.2", "cloud": {"operation": "READ"}, "projectId": "vibrant", "transactionId": "UUFI:butler:a0a41c00", "publishTime": "2026-05-07T18:24:01Z", "source": "butler", "nonce": "a0a41c00", "principal": "merge"}
/uufi/c/config/cloud: {"timestamp": "2026-05-07T18:24:01Z", "version": "1.5.2", "cloud": {"registries": {}}, "projectId": "vibrant", "transactionId": "UUFI:butler:a0a41c00", "publishTime": "2026-05-07T18:24:01Z", "source": "mocket", "nonce": "d3be7f28", "principal": "merge.mocket"}
/uufi/c/query/cloud: {"timestamp": "2026-05-07T18:24:11Z", "version": "1.5.2", "cloud": {"operation": "READ"}, "projectId": "vibrant", "transactionId": "UUFI:butler:51d7d683", "publishTime": "2026-05-07T18:24:11Z", "source": "butler", "nonce": "51d7d683", "principal": "merge"}
/uufi/c/config/cloud: {"timestamp": "2026-05-07T18:24:11Z", "version": "1.5.2", "cloud": {"registries": {}}, "projectId": "vibrant", "transactionId": "UUFI:butler:51d7d683", "publishTime": "2026-05-07T18:24:11Z", "source": "mocket", "nonce": "4694b630", "principal": "merge.mocket"}
/uufi/c/query/cloud: {"timestamp": "2026-05-07T18:24:21Z", "version": "1.5.2", "cloud": {"operation": "READ"}, "projectId": "vibrant", "transactionId": "UUFI:butler:c50e7ce4", "publishTime": "2026-05-07T18:24:21Z", "source": "butler", "nonce": "c50e7ce4", "principal": "merge"}
/uufi/c/config/cloud: {"timestamp": "2026-05-07T18:24:21Z", "version": "1.5.2", "cloud": {"registries": {}}, "projectId": "vibrant", "transactionId": "UUFI:butler:c50e7ce4", "publishTime": "2026-05-07T18:24:21Z", "source": "mocket", "nonce": "28d9f78c", "principal": "merge.mocket"}
[observe] Successfully connected to MQTT broker at localhost:1883
[observe] Observer connected, tapping into message stream...
/uufi/p/merge/state/udmi: {"publishTime": "2026-05-07T18:25:17Z", "nonce": "fbbffbf6", "payload": {"udmi": {"setup": {"functions_ver": 9, "transaction_id": "1f3db833-221f-4590-9cd1-5a29c037c248"}}, "timestamp": "2026-05-07T18:25:17Z", "version": "1.5.2"}}
/uufi/p/merge/state/udmi: {"publishTime": "2026-05-07T18:25:19Z", "nonce": "6c4fe9cd", "payload": {"udmi": {"setup": {"functions_ver": 9, "transaction_id": "6c4b6a08-c109-4804-8593-affacbc1e9bb"}}, "timestamp": "2026-05-07T18:25:19Z", "version": "1.5.2"}}
