Traceback (most recent call last):
  File "/home/peringknife/vibrant/gemerger/impl/B/bin/observe", line 5, in <module>
    from butler.traffic_observer import main
  File "/home/peringknife/vibrant/gemerger/impl/B/butler/traffic_observer.py", line 5, in <module>
    from butler.transport import get_transport
  File "/home/peringknife/vibrant/gemerger/impl/B/butler/transport.py", line 4, in <module>
    import paho.mqtt.client as mqtt
ModuleNotFoundError: No module named 'paho'
Traceback (most recent call last):
  File "/home/peringknife/vibrant/gemerger/impl/B/bin/observe", line 5, in <module>
    from butler.traffic_observer import main
  File "/home/peringknife/vibrant/gemerger/impl/B/butler/traffic_observer.py", line 5, in <module>
    from butler.transport import get_transport
  File "/home/peringknife/vibrant/gemerger/impl/B/butler/transport.py", line 4, in <module>
    import paho.mqtt.client as mqtt
ModuleNotFoundError: No module named 'paho'
Starting Observer with mqtt://merge@localhost/...
Starting Observer with mqtt://merge@localhost/...
/uufi/c/state/udmi: {"payload": {"version": "1.5.2", "timestamp": "2026-05-07T18:21:58Z", "udmi": {"setup": {"functions_ver": 9, "transaction_id": "handshake-1778178118", "msg_source": "merge", "user": "merge"}}}, "transactionId": "handshake-1778178118", "nonce": "afcb52dd", "publishTime": "2026-05-07T18:21:58Z", "source": "merge", "principal": "merge"}
/uufi/c/config/cloud: {"payload": {"version": "1.5.2", "timestamp": "2026-05-07T18:22:00Z", "cloud": {"registries": {}}}, "transactionId": "tid-5cc0013e", "nonce": "e4e0cd70", "publishTime": "2026-05-07T18:22:00Z", "source": "mocket"}
/uufi/r/reg1/d/dev1/c/state/update: {"payload": {"version": "1.5.2", "timestamp": "2026-05-07T18:22:00Z", "update": {"current_version": "0.0.0", "lkg_version": "0.0.0", "state": "quiescent", "subsystem": "main"}}, "transactionId": "tid-26df22b0", "nonce": "c57b8f56", "publishTime": "2026-05-07T18:22:00Z", "source": "mocket"}
/uufi/r/reg1/d/reg1/c/model/cloud: {"payload": {"version": "1.5.2", "timestamp": "2026-05-07T18:22:00Z", "cloud": {"operation": "UPDATE", "registries": {"reg1": {"devices": {"dev1": {"main": {"current_version": "0.0.0", "lkg_version": "0.0.0"}}}}}}}, "transactionId": "tid-9d3d83ee", "nonce": "690be8e3", "publishTime": "2026-05-07T18:22:00Z", "source": "merge"}
/uufi/c/config/cloud: {"payload": {"version": "1.5.2", "timestamp": "2026-05-07T18:22:00Z", "cloud": {"registries": {"reg1": {"devices": {"dev1": {"main": {"current_version": "0.0.0", "target_version": "0.0.0", "lkg_version": "0.0.0"}}}}}}}, "transactionId": "tid-46caa2ed", "nonce": "476c1822", "publishTime": "2026-05-07T18:22:00Z", "source": "mocket"}
/uufi/p/merge/state/udmi: {"publishTime": "2026-05-07T18:22:02Z", "nonce": "5a34208c", "payload": {"udmi": {"setup": {"functions_ver": 9, "transaction_id": "1e3f7e77-dad3-4515-901b-b752baffc4a9"}}, "timestamp": "2026-05-07T18:22:02Z", "version": "1.5.2"}}
Starting Observer with mqtt://merge@localhost/...
/uufi/c/state/udmi: {"projectId": "vibrant", "transactionId": "UUFI:butler:1854a138", "publishTime": "2026-05-07T18:23:51Z", "source": "butler", "nonce": "065e7dd2", "payload": {"timestamp": "2026-05-07T18:23:51Z", "version": "1.5.2", "udmi": {"setup": {"functions_ver": 9, "transaction_id": "UUFI:butler:1854a138", "msg_source": "butler", "user": "merge"}}}, "principal": "merge"}
/uufi/c/config/udmi: {"projectId": "vibrant", "transactionId": "UUFI:butler:1854a138", "publishTime": "2026-05-07T18:23:51Z", "source": "mocket", "nonce": "0742eed8", "payload": {"timestamp": "2026-05-07T18:23:51Z", "version": "1.5.2", "udmi": {"setup": {"functions_min": 9, "functions_max": 9, "udmi_version": "1.5.2"}, "reply": {"functions_ver": 9, "transaction_id": "UUFI:butler:1854a138", "msg_source": "butler"}}}, "principal": "merge.mocket"}
/uufi/c/query/cloud: {"projectId": "vibrant", "transactionId": "UUFI:butler:97dbe631", "publishTime": "2026-05-07T18:23:51Z", "source": "butler", "nonce": "97dbe631", "payload": {"timestamp": "2026-05-07T18:23:51Z", "version": "1.5.2", "cloud": {"operation": "READ"}}, "principal": "merge"}
/uufi/c/config/cloud: {"projectId": "vibrant", "transactionId": "UUFI:butler:97dbe631", "publishTime": "2026-05-07T18:23:51Z", "source": "mocket", "nonce": "6b733a23", "payload": {"timestamp": "2026-05-07T18:23:51Z", "version": "1.5.2", "cloud": {"registries": {}}}, "principal": "merge.mocket"}
/uufi/c/query/cloud: {"projectId": "vibrant", "transactionId": "UUFI:butler:77620e18", "publishTime": "2026-05-07T18:23:51Z", "source": "butler", "nonce": "77620e18", "payload": {"timestamp": "2026-05-07T18:23:51Z", "version": "1.5.2", "cloud": {"operation": "READ"}}, "principal": "merge"}
/uufi/c/config/cloud: {"projectId": "vibrant", "transactionId": "UUFI:butler:77620e18", "publishTime": "2026-05-07T18:23:51Z", "source": "mocket", "nonce": "c74075e1", "payload": {"timestamp": "2026-05-07T18:23:51Z", "version": "1.5.2", "cloud": {"registries": {}}}, "principal": "merge.mocket"}
/uufi/c/query/cloud: {"projectId": "vibrant", "transactionId": "UUFI:butler:a0a41c00", "publishTime": "2026-05-07T18:24:01Z", "source": "butler", "nonce": "a0a41c00", "payload": {"timestamp": "2026-05-07T18:24:01Z", "version": "1.5.2", "cloud": {"operation": "READ"}}, "principal": "merge"}
/uufi/c/config/cloud: {"projectId": "vibrant", "transactionId": "UUFI:butler:a0a41c00", "publishTime": "2026-05-07T18:24:01Z", "source": "mocket", "nonce": "d3be7f28", "payload": {"timestamp": "2026-05-07T18:24:01Z", "version": "1.5.2", "cloud": {"registries": {}}}, "principal": "merge.mocket"}
/uufi/c/query/cloud: {"projectId": "vibrant", "transactionId": "UUFI:butler:51d7d683", "publishTime": "2026-05-07T18:24:11Z", "source": "butler", "nonce": "51d7d683", "payload": {"timestamp": "2026-05-07T18:24:11Z", "version": "1.5.2", "cloud": {"operation": "READ"}}, "principal": "merge"}
/uufi/c/config/cloud: {"projectId": "vibrant", "transactionId": "UUFI:butler:51d7d683", "publishTime": "2026-05-07T18:24:11Z", "source": "mocket", "nonce": "4694b630", "payload": {"timestamp": "2026-05-07T18:24:11Z", "version": "1.5.2", "cloud": {"registries": {}}}, "principal": "merge.mocket"}
/uufi/c/query/cloud: {"projectId": "vibrant", "transactionId": "UUFI:butler:c50e7ce4", "publishTime": "2026-05-07T18:24:21Z", "source": "butler", "nonce": "c50e7ce4", "payload": {"timestamp": "2026-05-07T18:24:21Z", "version": "1.5.2", "cloud": {"operation": "READ"}}, "principal": "merge"}
/uufi/c/config/cloud: {"projectId": "vibrant", "transactionId": "UUFI:butler:c50e7ce4", "publishTime": "2026-05-07T18:24:21Z", "source": "mocket", "nonce": "28d9f78c", "payload": {"timestamp": "2026-05-07T18:24:21Z", "version": "1.5.2", "cloud": {"registries": {}}}, "principal": "merge.mocket"}
Starting Observer with mqtt://merge@localhost/...
/uufi/c/config/cloud: {"payload": {"version": "1.5.2", "timestamp": "2026-05-07T18:24:32Z", "cloud": {"registries": {}}}, "transactionId": "tid-da66ddbd", "nonce": "73c163db", "publishTime": "2026-05-07T18:24:32Z", "source": "mocket"}
/uufi/r/reg1/d/dev1/c/state/update: {"payload": {"version": "1.5.2", "timestamp": "2026-05-07T18:24:32Z", "update": {"current_version": "0.0.0", "lkg_version": "0.0.0", "state": "quiescent", "subsystem": "main"}}, "transactionId": "tid-4bd1266e", "nonce": "21225a1b", "publishTime": "2026-05-07T18:24:32Z", "source": "mocket"}
/uufi/c/state/udmi: {"payload": {"version": "1.5.2", "timestamp": "2026-05-07T18:24:35Z", "udmi": {"setup": {"functions_ver": 9, "transaction_id": "handshake-1778178275", "msg_source": "merge", "user": "merge"}}}, "transactionId": "handshake-1778178275", "nonce": "095690d2", "publishTime": "2026-05-07T18:24:35Z", "source": "merge", "principal": "merge"}
/uufi/c/config/udmi: {"payload": {"version": "1.5.2", "timestamp": "2026-05-07T18:24:35Z", "udmi": {"setup": {"functions_min": 9, "functions_max": 9, "udmi_version": "1.5.2"}, "reply": {"functions_ver": 9, "transaction_id": "handshake-1778178275", "msg_source": "merge", "user": "merge"}}}, "transactionId": "handshake-1778178275", "nonce": "de8c0c94", "publishTime": "2026-05-07T18:24:35Z", "source": "mocket", "principal": "merge"}
/uufi/c/query/cloud: {"payload": {"version": "1.5.2", "timestamp": "2026-05-07T18:24:35Z", "cloud": {"operation": "READ"}}, "transactionId": "tid-a663e3c9", "nonce": "97ebcc54", "publishTime": "2026-05-07T18:24:35Z", "source": "merge"}
/uufi/c/config/cloud: {"payload": {"version": "1.5.2", "timestamp": "2026-05-07T18:24:35Z", "cloud": {"registries": {}}}, "transactionId": "tid-03fd7e91", "nonce": "3ac73db4", "publishTime": "2026-05-07T18:24:35Z", "source": "mocket"}
/uufi/c/config/cloud: {"payload": {"version": "1.5.2", "timestamp": "2026-05-07T18:24:35Z", "cloud": {"registries": {}}}, "transactionId": "tid-160eed2c", "nonce": "9d0609c8", "publishTime": "2026-05-07T18:24:35Z", "source": "mocket"}
/uufi/c/config/cloud: {"payload": {"version": "1.5.2", "timestamp": "2026-05-07T18:24:37Z", "cloud": {"registries": {}}}, "transactionId": "tid-b672828b", "nonce": "53ed37be", "publishTime": "2026-05-07T18:24:37Z", "source": "mocket"}
/uufi/p/merge/state/udmi: {"publishTime": "2026-05-07T18:24:41Z", "nonce": "7d63686f", "payload": {"udmi": {"setup": {"functions_ver": 9, "transaction_id": "0965b492-1494-4109-b3f5-6f6fd2063d99"}}, "timestamp": "2026-05-07T18:24:41Z", "version": "1.5.2"}}
/uufi/c/config/cloud: {"payload": {"version": "1.5.2", "timestamp": "2026-05-07T18:24:42Z", "cloud": {"registries": {"default": {"devices": {"dev1": {"make": "default", "model": "default", "subsystems": {}}}}}}}, "transactionId": "tid-ed6d913b", "nonce": "77fc41ac", "publishTime": "2026-05-07T18:24:42Z", "source": "mocket"}
/uufi/c/config/cloud: {"payload": {"version": "1.5.2", "timestamp": "2026-05-07T18:24:47Z", "cloud": {"registries": {"default": {"devices": {"dev1": {"make": "default", "model": "default", "subsystems": {"main": {"target_version": "9.9.9-B-C"}}}}}}}}, "transactionId": "tid-2705e7da", "nonce": "346cc882", "publishTime": "2026-05-07T18:24:47Z", "source": "mocket"}
/uufi/r/reg1/d/dev1/c/state/update: {"payload": {"version": "1.5.2", "timestamp": "2026-05-07T18:24:47Z", "update": {"current_version": "0.0.0", "lkg_version": "0.0.0", "state": "quiescent", "subsystem": "main"}}, "transactionId": "tid-3351132a", "nonce": "38633e60", "publishTime": "2026-05-07T18:24:47Z", "source": "mocket"}
/uufi/r/reg1/d/reg1/c/model/cloud: {"payload": {"version": "1.5.2", "timestamp": "2026-05-07T18:24:47Z", "cloud": {"operation": "UPDATE", "registries": {"reg1": {"devices": {"dev1": {"main": {"current_version": "0.0.0", "lkg_version": "0.0.0"}}}}}}}, "transactionId": "tid-c363cb6b", "nonce": "1507e50e", "publishTime": "2026-05-07T18:24:47Z", "source": "merge"}
/uufi/c/config/cloud: {"payload": {"version": "1.5.2", "timestamp": "2026-05-07T18:24:47Z", "cloud": {"registries": {"default": {"devices": {"dev1": {"make": "default", "model": "default", "subsystems": {"main": {"target_version": "9.9.9-B-C"}}}}}, "reg1": {"devices": {"dev1": {"main": {"current_version": "0.0.0", "target_version": "0.0.0", "lkg_version": "0.0.0"}}}}}}}, "transactionId": "tid-d0a865c4", "nonce": "98f32f24", "publishTime": "2026-05-07T18:24:47Z", "source": "mocket"}
/uufi/c/config/cloud: {"payload": {"version": "1.5.2", "timestamp": "2026-05-07T18:24:52Z", "cloud": {"registries": {"default": {"devices": {"dev1": {"make": "default", "model": "default", "subsystems": {"main": {"target_version": "9.9.9-B-C"}}}}}, "reg1": {"devices": {"dev1": {"main": {"current_version": "0.0.0", "target_version": "0.0.0", "lkg_version": "0.0.0"}}}}}}}, "transactionId": "tid-302c0e65", "nonce": "fc24433d", "publishTime": "2026-05-07T18:24:52Z", "source": "mocket"}
/uufi/c/config/cloud: {"payload": {"version": "1.5.2", "timestamp": "2026-05-07T18:24:57Z", "cloud": {"registries": {"default": {"devices": {"dev1": {"make": "default", "model": "default", "subsystems": {"main": {"target_version": "9.9.9-B-C"}}}}}, "reg1": {"devices": {"dev1": {"main": {"current_version": "0.0.0", "target_version": "0.0.0", "lkg_version": "0.0.0"}}}}}}}, "transactionId": "tid-e543b5ba", "nonce": "242a438a", "publishTime": "2026-05-07T18:24:57Z", "source": "mocket"}
/uufi/c/config/cloud: {"payload": {"version": "1.5.2", "timestamp": "2026-05-07T18:25:02Z", "cloud": {"registries": {"default": {"devices": {"dev1": {"make": "default", "model": "default", "subsystems": {"main": {"target_version": "9.9.9-B-C"}}}}}, "reg1": {"devices": {"dev1": {"main": {"current_version": "0.0.0", "target_version": "0.0.0", "lkg_version": "0.0.0"}}}}}}}, "transactionId": "tid-9a54752c", "nonce": "06ae33e3", "publishTime": "2026-05-07T18:25:02Z", "source": "mocket"}
/uufi/r/reg1/d/dev1/c/state/update: {"payload": {"version": "1.5.2", "timestamp": "2026-05-07T18:25:02Z", "update": {"current_version": "0.0.0", "lkg_version": "0.0.0", "state": "quiescent", "subsystem": "main"}}, "transactionId": "tid-70392f4f", "nonce": "61800fa0", "publishTime": "2026-05-07T18:25:02Z", "source": "mocket"}
/uufi/r/reg1/d/reg1/c/model/cloud: {"payload": {"version": "1.5.2", "timestamp": "2026-05-07T18:25:02Z", "cloud": {"operation": "UPDATE", "registries": {"reg1": {"devices": {"dev1": {"main": {"current_version": "0.0.0", "lkg_version": "0.0.0"}}}}}}}, "transactionId": "tid-c02a2021", "nonce": "ecbd38c7", "publishTime": "2026-05-07T18:25:02Z", "source": "merge"}
/uufi/c/config/cloud: {"payload": {"version": "1.5.2", "timestamp": "2026-05-07T18:25:02Z", "cloud": {"registries": {"default": {"devices": {"dev1": {"make": "default", "model": "default", "subsystems": {"main": {"target_version": "9.9.9-B-C"}}}}}, "reg1": {"devices": {"dev1": {"main": {"current_version": "0.0.0", "target_version": "0.0.0", "lkg_version": "0.0.0"}}}}}}}, "transactionId": "tid-acf7b75d", "nonce": "ea6aafa8", "publishTime": "2026-05-07T18:25:02Z", "source": "mocket"}
/uufi/c/config/cloud: {"payload": {"version": "1.5.2", "timestamp": "2026-05-07T18:25:07Z", "cloud": {"registries": {"default": {"devices": {"dev1": {"make": "default", "model": "default", "subsystems": {"main": {"target_version": "9.9.9-B-C"}}}}}, "reg1": {"devices": {"dev1": {"main": {"current_version": "0.0.0", "target_version": "0.0.0", "lkg_version": "0.0.0"}}}}}}}, "transactionId": "tid-365b6c8f", "nonce": "bb3911dc", "publishTime": "2026-05-07T18:25:07Z", "source": "mocket"}
/uufi/c/config/cloud: {"payload": {"version": "1.5.2", "timestamp": "2026-05-07T18:25:12Z", "cloud": {"registries": {"default": {"devices": {"dev1": {"make": "default", "model": "default", "subsystems": {"main": {"target_version": "9.9.9-B-C"}}}}}, "reg1": {"devices": {"dev1": {"main": {"current_version": "0.0.0", "target_version": "0.0.0", "lkg_version": "0.0.0"}}}}}}}, "transactionId": "tid-9bc43b5c", "nonce": "8530151e", "publishTime": "2026-05-07T18:25:12Z", "source": "mocket"}
