# Sample log for impl_A observing its own butler and verifier traffic, or traffic from verifier B
[observe] Observer connected, tapping into message stream...
/uufi/c/state/udmi: {"timestamp": "2026-05-10T23:43:30Z", "version": "1.5.2", "udmi": {"setup": {"functions_ver": 9, "transaction_id": "UUFI:butler:e747008c", "msg_source": "butler", "user": "unknown"}}, "projectId": "vibrant", "transactionId": "UUFI:butler:e747008c", "publishTime": "2026-05-10T23:43:30Z", "source": "butler", "nonce": "db1529b8", "principal": "unknown"}
/uufi/r/smoke-reg/d/smoke-dev/c/state/update: {"timestamp": "2026-05-10T23:43:35Z", "version": "1.5.2", "update": {"current_version": "1.0", "lkg_version": "1.0", "status": "pending"}, "projectId": "vibrant", "transactionId": "UUFI:mocket:cd7bb39c", "publishTime": "2026-05-10T23:43:35Z", "source": "mocket", "nonce": "cd7bb39c", "principal": "unknown.mocket", "deviceRegistryId": "smoke-reg", "deviceId": "smoke-dev"}
Traceback (most recent call last):
  File "/app/./impl/A/bin/observe", line 10, in <module>
    main()
  File "/app/impl/A/butler/traffic_observer.py", line 40, in main
    observer.run()
  File "/app/impl/A/butler/traffic_observer.py", line 31, in run
    self.bus.connect()
  File "/app/impl/A/butler/common.py", line 294, in connect
    self.client.connect(self.host, self.port_or_topic, 60)
  File "/app/impl/A/venv/lib/python3.12/site-packages/paho/mqtt/client.py", line 1435, in connect
    return self.reconnect()
           ^^^^^^^^^^^^^^^^
  File "/app/impl/A/venv/lib/python3.12/site-packages/paho/mqtt/client.py", line 1598, in reconnect
    self._sock = self._create_socket()
                 ^^^^^^^^^^^^^^^^^^^^^
  File "/app/impl/A/venv/lib/python3.12/site-packages/paho/mqtt/client.py", line 4609, in _create_socket
    sock = self._create_socket_connection()
           ^^^^^^^^^^^^^^^^^^^^^^^^^^^^^^^^
  File "/app/impl/A/venv/lib/python3.12/site-packages/paho/mqtt/client.py", line 4640, in _create_socket_connection
    return socket.create_connection(addr, timeout=self._connect_timeout, source_address=source)
           ^^^^^^^^^^^^^^^^^^^^^^^^^^^^^^^^^^^^^^^^^^^^^^^^^^^^^^^^^^^^^^^^^^^^^^^^^^^^^^^^^^^^
  File "/home/jules/.pyenv/versions/3.12.13/lib/python3.12/socket.py", line 865, in create_connection
    raise exceptions[0]
  File "/home/jules/.pyenv/versions/3.12.13/lib/python3.12/socket.py", line 850, in create_connection
    sock.connect(sa)
ConnectionRefusedError: [Errno 111] Connection refused
[observe] Successfully connected to MQTT broker at localhost:1883
[observe] Observer connected, tapping into message stream...
/uufi/c/state/udmi: {"timestamp": "2026-05-11T17:21:37Z", "version": "1.5.2", "udmi": {"setup": {"functions_ver": 9, "transaction_id": "UUFI:butler:97e99351", "msg_source": "butler", "user": "unknown"}}, "projectId": "vibrant", "transactionId": "UUFI:butler:97e99351", "publishTime": "2026-05-11T17:21:37Z", "source": "butler", "nonce": "b173146f", "principal": "unknown"}
/uufi/c/config/udmi: {"timestamp": "2026-05-11T17:21:37Z", "version": "1.5.2", "udmi": {"setup": {"functions_min": 9, "functions_max": 9, "udmi_version": "1.5.2", "registry_id": "smoke-reg"}, "reply": {"functions_ver": 9, "transaction_id": "UUFI:butler:97e99351", "msg_source": "butler"}}, "projectId": "vibrant", "transactionId": "UUFI:butler:97e99351", "publishTime": "2026-05-11T17:21:37Z", "source": "mocket", "nonce": "c9a1a520", "principal": "unknown"}
/uufi/c/query/cloud: {"timestamp": "2026-05-11T17:21:37Z", "version": "1.5.2", "cloud": {"operation": "READ"}, "projectId": "vibrant", "transactionId": "UUFI:butler:f8327c02", "publishTime": "2026-05-11T17:21:37Z", "source": "butler", "nonce": "f8327c02", "principal": "unknown"}
/uufi/c/query/cloud: {"timestamp": "2026-05-11T17:21:37Z", "version": "1.5.2", "cloud": {"operation": "READ"}, "projectId": "vibrant", "transactionId": "UUFI:butler:be4672db", "publishTime": "2026-05-11T17:21:37Z", "source": "butler", "nonce": "be4672db", "principal": "unknown"}
/uufi/c/config/cloud: {"timestamp": "2026-05-11T17:21:37Z", "version": "1.5.2", "cloud": {"registries": {}}, "projectId": "vibrant", "transactionId": "UUFI:butler:f8327c02", "publishTime": "2026-05-11T17:21:37Z", "source": "mocket", "nonce": "3ee642f0", "principal": "unknown.mocket"}
/uufi/c/config/cloud: {"timestamp": "2026-05-11T17:21:37Z", "version": "1.5.2", "cloud": {"registries": {}}, "projectId": "vibrant", "transactionId": "UUFI:butler:be4672db", "publishTime": "2026-05-11T17:21:37Z", "source": "mocket", "nonce": "f2a5d012", "principal": "unknown.mocket"}
/uufi/c/state/udmi: {"udmi": {"setup": {"functions_ver": 9, "transaction_id": "UUFI:handshake:1f324d87", "msg_source": "unknown.verifier", "user": "unknown.verifier"}}, "timestamp": "2026-05-11T17:21:39Z", "version": "1.5.2", "transactionId": "UUFI:handshake:1f324d87", "principal": "unknown.verifier", "source": "unknown.verifier", "publishTime": "2026-05-11T17:21:39Z", "nonce": "a4beb61e"}
/uufi/c/config/udmi: {"timestamp": "2026-05-11T17:21:39Z", "version": "1.5.2", "udmi": {"setup": {"functions_min": 9, "functions_max": 9, "udmi_version": "1.5.2", "registry_id": "smoke-reg"}, "reply": {"functions_ver": 9, "transaction_id": "UUFI:handshake:1f324d87", "msg_source": "unknown.verifier"}}, "projectId": "vibrant", "transactionId": "UUFI:handshake:1f324d87", "publishTime": "2026-05-11T17:21:39Z", "source": "mocket", "nonce": "fa962326", "principal": "unknown.verifier"}
/uufi/c/config/cloud: {"timestamp": "2026-05-11T17:21:41Z", "version": "1.5.2", "cloud": {"registries": {"smoke-reg": {"devices": {"smoke-dev": {"make": "default", "model": "default", "target_version": "1.1.0"}}}}}, "projectId": "vibrant", "transactionId": "UUFI:mocket:1ea09452", "publishTime": "2026-05-11T17:21:41Z", "source": "mocket", "nonce": "1ea09452", "principal": "unknown.mocket"}
[observe] Successfully connected to MQTT broker at localhost:1883
[observe] Observer connected, tapping into message stream...
/uufi/r/smoke-reg/d/smoke-dev/c/state/update: {"update": {"main": {"status": "quiescent", "current_version": null, "lkg_version": null}}, "timestamp": "2026-05-11T17:21:47Z", "version": "1.5.2", "principal": "unknown.mocket", "source": "unknown.mocket", "publishTime": "2026-05-11T17:21:47Z", "nonce": "7ccf9e53", "deviceRegistryId": "smoke-reg", "deviceId": "smoke-dev"}
/uufi/c/config/cloud: {"cloud": {"registries": {}}, "timestamp": "2026-05-11T17:21:47Z", "version": "1.5.2", "principal": "unknown.mocket", "source": "unknown.mocket", "publishTime": "2026-05-11T17:21:47Z", "nonce": "ba033d56"}
/uufi/c/state/udmi: {"udmi": {"setup": {"functions_ver": 9, "transaction_id": "UUFI:handshake:4c761aff", "msg_source": "unknown", "user": "unknown"}}, "timestamp": "2026-05-11T17:21:49Z", "version": "1.5.2", "transactionId": "UUFI:handshake:4c761aff", "principal": "unknown", "source": "unknown", "publishTime": "2026-05-11T17:21:49Z", "nonce": "36adfe05"}
/uufi/c/config/udmi: {"udmi": {"setup": {"functions_min": 9, "functions_max": 9, "udmi_version": "1.5.2"}, "reply": {"functions_ver": 9, "transaction_id": "UUFI:handshake:4c761aff", "msg_source": "unknown.mocket"}}, "timestamp": "2026-05-11T17:21:49Z", "version": "1.5.2", "transactionId": "UUFI:handshake:4c761aff", "principal": "unknown", "source": "unknown.mocket", "publishTime": "2026-05-11T17:21:49Z", "nonce": "90d92180"}
/uufi/c/query/cloud: {"cloud": {"operation": "READ"}, "timestamp": "2026-05-11T17:21:49Z", "version": "1.5.2", "principal": "unknown", "source": "unknown", "publishTime": "2026-05-11T17:21:49Z", "nonce": "d1ed3541"}
/uufi/c/config/cloud: {"cloud": {"registries": {"smoke-reg": {"devices": {"smoke-dev": {}}}}}, "timestamp": "2026-05-11T17:21:49Z", "version": "1.5.2", "principal": "unknown", "source": "unknown.mocket", "publishTime": "2026-05-11T17:21:49Z", "nonce": "382bbed5"}
/uufi/c/state/udmi: {"timestamp": "2026-05-11T17:21:51Z", "version": "1.5.2", "udmi": {"setup": {"functions_ver": 9, "transaction_id": "UUFI:verifier:c2a6e621", "msg_source": "verifier", "user": "unknown.verifier"}}, "projectId": "vibrant", "transactionId": "UUFI:verifier:c2a6e621", "publishTime": "2026-05-11T17:21:51Z", "source": "verifier", "nonce": "c2ab002a", "principal": "unknown.verifier"}
/uufi/c/config/udmi: {"udmi": {"setup": {"functions_min": 9, "functions_max": 9, "udmi_version": "1.5.2"}, "reply": {"functions_ver": 9, "transaction_id": "UUFI:verifier:c2a6e621", "msg_source": "unknown.mocket"}}, "timestamp": "2026-05-11T17:21:51Z", "version": "1.5.2", "transactionId": "UUFI:verifier:c2a6e621", "principal": "unknown.verifier", "source": "unknown.mocket", "publishTime": "2026-05-11T17:21:51Z", "nonce": "7e3574f6"}
/uufi/r/unknown/d/unknown.mocket/c/validation/validation: {"timestamp": "2026-05-11T17:21:51Z", "version": "1.5.2", "validation": {"message": "Handshake completed for unknown.mocket", "level": "INFO", "device_id": "unknown.mocket", "timestamp": "2026-05-11T17:21:51Z", "version": "1.5.2"}, "projectId": "vibrant", "transactionId": "UUFI:verifier:209ae4de", "publishTime": "2026-05-11T17:21:51Z", "source": "verifier", "nonce": "209ae4de", "principal": "unknown.verifier", "deviceRegistryId": "unknown", "deviceId": "unknown.mocket"}
/uufi/r/smoke-reg/d/smoke-dev/c/state/update: {"update": {"main": {"status": "quiescent", "current_version": null, "lkg_version": null}}, "timestamp": "2026-05-11T17:21:52Z", "version": "1.5.2", "principal": "unknown.mocket", "source": "unknown.mocket", "publishTime": "2026-05-11T17:21:52Z", "nonce": "9508150d", "deviceRegistryId": "smoke-reg", "deviceId": "smoke-dev"}
/uufi/c/query/cloud: {"cloud": {"operation": "READ"}, "timestamp": "2026-05-11T17:21:52Z", "version": "1.5.2", "principal": "unknown", "source": "unknown", "publishTime": "2026-05-11T17:21:52Z", "nonce": "907d9fbc"}
/uufi/c/config/cloud: {"cloud": {"registries": {}}, "timestamp": "2026-05-11T17:21:52Z", "version": "1.5.2", "principal": "unknown.mocket", "source": "unknown.mocket", "publishTime": "2026-05-11T17:21:52Z", "nonce": "be6c8a0e"}
/uufi/c/config/cloud: {"cloud": {"registries": {"smoke-reg": {"devices": {"smoke-dev": {}}}}}, "timestamp": "2026-05-11T17:21:52Z", "version": "1.5.2", "principal": "unknown", "source": "unknown.mocket", "publishTime": "2026-05-11T17:21:52Z", "nonce": "79530088"}
/uufi/r/smoke-reg/d/smoke-dev/c/state/update: {"update": {"main": {"status": "quiescent", "current_version": "1.0", "lkg_version": "1.0"}}, "timestamp": "2026-05-11T17:21:57Z", "version": "1.5.2", "principal": "unknown.mocket", "source": "unknown.mocket", "publishTime": "2026-05-11T17:21:57Z", "nonce": "08ed90f2", "deviceRegistryId": "smoke-reg", "deviceId": "smoke-dev"}
/uufi/c/config/cloud: {"cloud": {"registries": {"smoke-reg": {"devices": {"smoke-dev": {"main": {"registry_id": "smoke-reg", "device_id": "smoke-dev", "target_version": "1.1.0", "current_version": "1.0", "lkg_version": "1.0", "state": "quiescent", "make": "vibrant", "model": "butler-v1", "subsystem": "main"}}}}}}, "timestamp": "2026-05-11T17:21:57Z", "version": "1.5.2", "principal": "unknown.mocket", "source": "unknown.mocket", "publishTime": "2026-05-11T17:21:57Z", "nonce": "760f7410"}
/uufi/c/query/cloud: {"cloud": {"operation": "READ"}, "timestamp": "2026-05-11T17:21:57Z", "version": "1.5.2", "principal": "unknown", "source": "unknown", "publishTime": "2026-05-11T17:21:57Z", "nonce": "ad370489"}
/uufi/c/config/cloud: {"cloud": {"registries": {"smoke-reg": {"devices": {"smoke-dev": {"main": {"registry_id": "smoke-reg", "device_id": "smoke-dev", "target_version": "1.1.0", "current_version": "1.0", "lkg_version": "1.0", "state": "quiescent", "make": "vibrant", "model": "butler-v1", "subsystem": "main"}}}}}}, "timestamp": "2026-05-11T17:21:57Z", "version": "1.5.2", "principal": "unknown", "source": "unknown.mocket", "publishTime": "2026-05-11T17:21:57Z", "nonce": "09c88a7b"}
/uufi/r/smoke-reg/d/smoke-dev/c/config/update: {"update": {"main": {"url": "file:///app/testing/blobs/default/default/main/1.1.0/dummy.bin", "sha256": "421ea1114759e1ceb56cd2c38e444ec1f75cd6faa75456826f4eb01442101c0a", "version": "1.1.0"}}, "timestamp": "2026-05-11T17:21:57Z", "version": "1.5.2", "principal": "unknown", "publishTime": "2026-05-11T17:21:57Z", "nonce": "a9aa78e8", "deviceRegistryId": "smoke-reg", "deviceId": "smoke-dev"}
/uufi/r/smoke-reg/d/smoke-dev/c/validation/validation: {"timestamp": "2026-05-11T17:21:57Z", "version": "1.5.2", "validation": {"message": "Update config sent to smoke-dev", "level": "INFO", "device_id": "smoke-dev", "timestamp": "2026-05-11T17:21:57Z", "version": "1.5.2"}, "projectId": "vibrant", "transactionId": "UUFI:verifier:463fe957", "publishTime": "2026-05-11T17:21:57Z", "source": "verifier", "nonce": "463fe957", "principal": "unknown.verifier", "deviceRegistryId": "smoke-reg", "deviceId": "smoke-dev"}
[observe] Successfully connected to MQTT broker at localhost:1883
[observe] Observer connected, tapping into message stream...
/uufi/c/state/udmi: {"timestamp": "2026-05-11T17:42:59Z", "version": "1.5.2", "udmi": {"setup": {"functions_ver": 9, "transaction_id": "UUFI:verifier:3459233f", "msg_source": "verifier", "user": "unknown.verifier"}}, "projectId": "vibrant", "transactionId": "UUFI:verifier:3459233f", "publishTime": "2026-05-11T17:42:59Z", "source": "verifier", "nonce": "da5a6289", "principal": "unknown.verifier"}
/uufi/c/config/udmi: {"version": "1.5.2", "timestamp": "2026-05-11T17:42:59Z", "udmi": {"setup": {"functions_min": 9, "functions_max": 9, "udmi_version": "1.5.2"}, "reply": {"functions_ver": 9, "transaction_id": "UUFI:verifier:3459233f", "msg_source": "verifier", "user": "unknown.verifier"}}, "transactionId": "UUFI:verifier:3459233f", "nonce": "401c5c90", "publishTime": "2026-05-11T17:42:59Z", "source": "mocket", "principal": "unknown.verifier"}
/uufi/r/unknown/d/verifier/c/validation/validation: {"timestamp": "2026-05-11T17:42:59Z", "version": "1.5.2", "validation": {"message": "Handshake completed for verifier", "level": "INFO", "device_id": "verifier", "timestamp": "2026-05-11T17:42:59Z", "version": "1.5.2"}, "projectId": "vibrant", "transactionId": "UUFI:verifier:833148e1", "publishTime": "2026-05-11T17:42:59Z", "source": "verifier", "nonce": "833148e1", "principal": "unknown.verifier", "deviceRegistryId": "unknown", "deviceId": "verifier"}
[observe] Successfully connected to MQTT broker at localhost:1883
[observe] Observer connected, tapping into message stream...
/uufi/c/state/udmi: {"timestamp": "2026-05-11T17:43:20Z", "version": "1.5.2", "udmi": {"setup": {"functions_ver": 9, "transaction_id": "UUFI:butler:21e99429", "msg_source": "butler", "user": "unknown"}}, "projectId": "vibrant", "transactionId": "UUFI:butler:21e99429", "publishTime": "2026-05-11T17:43:20Z", "source": "butler", "nonce": "a2c887b6", "principal": "unknown"}
/uufi/c/config/udmi: {"timestamp": "2026-05-11T17:43:20Z", "version": "1.5.2", "udmi": {"setup": {"functions_min": 9, "functions_max": 9, "udmi_version": "1.5.2", "registry_id": "smoke-reg"}, "reply": {"functions_ver": 9, "transaction_id": "UUFI:butler:21e99429", "msg_source": "butler"}}, "projectId": "vibrant", "transactionId": "UUFI:butler:21e99429", "publishTime": "2026-05-11T17:43:20Z", "source": "mocket", "nonce": "b1965f01", "principal": "unknown"}
/uufi/c/query/cloud: {"timestamp": "2026-05-11T17:43:20Z", "version": "1.5.2", "cloud": {"operation": "READ"}, "projectId": "vibrant", "transactionId": "UUFI:butler:5f3427c1", "publishTime": "2026-05-11T17:43:20Z", "source": "butler", "nonce": "5f3427c1", "principal": "unknown"}
/uufi/c/query/cloud: {"timestamp": "2026-05-11T17:43:20Z", "version": "1.5.2", "cloud": {"operation": "READ"}, "projectId": "vibrant", "transactionId": "UUFI:butler:65024cf5", "publishTime": "2026-05-11T17:43:20Z", "source": "butler", "nonce": "65024cf5", "principal": "unknown"}
/uufi/c/config/cloud: {"timestamp": "2026-05-11T17:43:20Z", "version": "1.5.2", "cloud": {"registries": {}}, "projectId": "vibrant", "transactionId": "UUFI:butler:5f3427c1", "publishTime": "2026-05-11T17:43:20Z", "source": "mocket", "nonce": "07715840", "principal": "unknown.mocket"}
/uufi/c/config/cloud: {"timestamp": "2026-05-11T17:43:20Z", "version": "1.5.2", "cloud": {"registries": {}}, "projectId": "vibrant", "transactionId": "UUFI:butler:65024cf5", "publishTime": "2026-05-11T17:43:20Z", "source": "mocket", "nonce": "96be4e80", "principal": "unknown.mocket"}
/uufi/c/state/udmi: {"udmi": {"setup": {"functions_ver": 9, "transaction_id": "UUFI:handshake:d46141e2", "msg_source": "unknown.verifier", "user": "unknown.verifier"}}, "timestamp": "2026-05-11T17:43:22Z", "version": "1.5.2", "transactionId": "UUFI:handshake:d46141e2", "principal": "unknown.verifier", "source": "unknown.verifier", "publishTime": "2026-05-11T17:43:22Z", "nonce": "c3a6ee71"}
/uufi/c/config/udmi: {"timestamp": "2026-05-11T17:43:22Z", "version": "1.5.2", "udmi": {"setup": {"functions_min": 9, "functions_max": 9, "udmi_version": "1.5.2", "registry_id": "smoke-reg"}, "reply": {"functions_ver": 9, "transaction_id": "UUFI:handshake:d46141e2", "msg_source": "unknown.verifier"}}, "projectId": "vibrant", "transactionId": "UUFI:handshake:d46141e2", "publishTime": "2026-05-11T17:43:22Z", "source": "mocket", "nonce": "2ec8786c", "principal": "unknown.verifier"}
/uufi/c/config/cloud: {"timestamp": "2026-05-11T17:43:24Z", "version": "1.5.2", "cloud": {"registries": {"smoke-reg": {"devices": {"smoke-dev": {"make": "default", "model": "default", "target_version": "1.1.0"}}}}}, "projectId": "vibrant", "transactionId": "UUFI:mocket:4c485d61", "publishTime": "2026-05-11T17:43:24Z", "source": "mocket", "nonce": "4c485d61", "principal": "unknown.mocket"}
[observe] Successfully connected to MQTT broker at localhost:1883
[observe] Observer connected, tapping into message stream...
/uufi/r/smoke-reg/d/smoke-dev/c/state/update: {"update": {"main": {"status": "quiescent", "current_version": null, "lkg_version": null}}, "timestamp": "2026-05-11T17:43:29Z", "version": "1.5.2", "principal": "unknown.mocket", "source": "unknown.mocket", "publishTime": "2026-05-11T17:43:29Z", "nonce": "0c634642", "deviceRegistryId": "smoke-reg", "deviceId": "smoke-dev"}
/uufi/c/config/cloud: {"cloud": {"registries": {}}, "timestamp": "2026-05-11T17:43:29Z", "version": "1.5.2", "principal": "unknown.mocket", "source": "unknown.mocket", "publishTime": "2026-05-11T17:43:29Z", "nonce": "d0c52a5e"}
/uufi/c/state/udmi: {"udmi": {"setup": {"functions_ver": 9, "transaction_id": "UUFI:handshake:60745e77", "msg_source": "unknown", "user": "unknown"}}, "timestamp": "2026-05-11T17:43:31Z", "version": "1.5.2", "transactionId": "UUFI:handshake:60745e77", "principal": "unknown", "source": "unknown", "publishTime": "2026-05-11T17:43:31Z", "nonce": "97d8037b"}
/uufi/c/config/udmi: {"udmi": {"setup": {"functions_min": 9, "functions_max": 9, "udmi_version": "1.5.2"}, "reply": {"functions_ver": 9, "transaction_id": "UUFI:handshake:60745e77", "msg_source": "unknown.mocket"}}, "timestamp": "2026-05-11T17:43:31Z", "version": "1.5.2", "transactionId": "UUFI:handshake:60745e77", "principal": "unknown", "source": "unknown.mocket", "publishTime": "2026-05-11T17:43:31Z", "nonce": "59f88e98"}
/uufi/c/query/cloud: {"cloud": {"operation": "READ"}, "timestamp": "2026-05-11T17:43:31Z", "version": "1.5.2", "principal": "unknown", "source": "unknown", "publishTime": "2026-05-11T17:43:31Z", "nonce": "49345b26"}
/uufi/c/config/cloud: {"cloud": {"registries": {"smoke-reg": {"devices": {"smoke-dev": {}}}}}, "timestamp": "2026-05-11T17:43:31Z", "version": "1.5.2", "principal": "unknown", "source": "unknown.mocket", "publishTime": "2026-05-11T17:43:31Z", "nonce": "251df33c"}
/uufi/c/state/udmi: {"timestamp": "2026-05-11T17:43:33Z", "version": "1.5.2", "udmi": {"setup": {"functions_ver": 9, "transaction_id": "UUFI:verifier:ae76dfbb", "msg_source": "verifier", "user": "unknown.verifier"}}, "projectId": "vibrant", "transactionId": "UUFI:verifier:ae76dfbb", "publishTime": "2026-05-11T17:43:33Z", "source": "verifier", "nonce": "c6ed366f", "principal": "unknown.verifier"}
/uufi/c/config/udmi: {"udmi": {"setup": {"functions_min": 9, "functions_max": 9, "udmi_version": "1.5.2"}, "reply": {"functions_ver": 9, "transaction_id": "UUFI:verifier:ae76dfbb", "msg_source": "unknown.mocket"}}, "timestamp": "2026-05-11T17:43:33Z", "version": "1.5.2", "transactionId": "UUFI:verifier:ae76dfbb", "principal": "unknown.verifier", "source": "unknown.mocket", "publishTime": "2026-05-11T17:43:33Z", "nonce": "467202ce"}
/uufi/r/unknown/d/unknown.mocket/c/validation/validation: {"timestamp": "2026-05-11T17:43:33Z", "version": "1.5.2", "validation": {"message": "Handshake completed for unknown.mocket", "level": "INFO", "device_id": "unknown.mocket", "timestamp": "2026-05-11T17:43:33Z", "version": "1.5.2"}, "projectId": "vibrant", "transactionId": "UUFI:verifier:b7f8dd2a", "publishTime": "2026-05-11T17:43:33Z", "source": "verifier", "nonce": "b7f8dd2a", "principal": "unknown.verifier", "deviceRegistryId": "unknown", "deviceId": "unknown.mocket"}
/uufi/r/smoke-reg/d/smoke-dev/c/state/update: {"update": {"main": {"status": "quiescent", "current_version": null, "lkg_version": null}}, "timestamp": "2026-05-11T17:43:34Z", "version": "1.5.2", "principal": "unknown.mocket", "source": "unknown.mocket", "publishTime": "2026-05-11T17:43:34Z", "nonce": "74af403c", "deviceRegistryId": "smoke-reg", "deviceId": "smoke-dev"}
/uufi/c/config/cloud: {"cloud": {"registries": {}}, "timestamp": "2026-05-11T17:43:34Z", "version": "1.5.2", "principal": "unknown.mocket", "source": "unknown.mocket", "publishTime": "2026-05-11T17:43:34Z", "nonce": "2e8b1038"}
/uufi/c/query/cloud: {"cloud": {"operation": "READ"}, "timestamp": "2026-05-11T17:43:34Z", "version": "1.5.2", "principal": "unknown", "source": "unknown", "publishTime": "2026-05-11T17:43:34Z", "nonce": "6422a03f"}
/uufi/c/config/cloud: {"cloud": {"registries": {"smoke-reg": {"devices": {"smoke-dev": {}}}}}, "timestamp": "2026-05-11T17:43:34Z", "version": "1.5.2", "principal": "unknown", "source": "unknown.mocket", "publishTime": "2026-05-11T17:43:34Z", "nonce": "261be263"}
/uufi/r/smoke-reg/d/smoke-dev/c/state/update: {"update": {"main": {"status": "quiescent", "current_version": "1.0", "lkg_version": "1.0"}}, "timestamp": "2026-05-11T17:43:39Z", "version": "1.5.2", "principal": "unknown.mocket", "source": "unknown.mocket", "publishTime": "2026-05-11T17:43:39Z", "nonce": "5a36e5c5", "deviceRegistryId": "smoke-reg", "deviceId": "smoke-dev"}
/uufi/c/config/cloud: {"cloud": {"registries": {"smoke-reg": {"devices": {"smoke-dev": {"main": {"registry_id": "smoke-reg", "device_id": "smoke-dev", "target_version": "1.1.0", "current_version": "1.0", "lkg_version": "1.0", "state": "quiescent", "make": "vibrant", "model": "butler-v1", "subsystem": "main"}}}}}}, "timestamp": "2026-05-11T17:43:39Z", "version": "1.5.2", "principal": "unknown.mocket", "source": "unknown.mocket", "publishTime": "2026-05-11T17:43:39Z", "nonce": "f3f3399d"}
/uufi/c/query/cloud: {"cloud": {"operation": "READ"}, "timestamp": "2026-05-11T17:43:39Z", "version": "1.5.2", "principal": "unknown", "source": "unknown", "publishTime": "2026-05-11T17:43:39Z", "nonce": "b0e1b00f"}
/uufi/c/config/cloud: {"cloud": {"registries": {"smoke-reg": {"devices": {"smoke-dev": {"main": {"registry_id": "smoke-reg", "device_id": "smoke-dev", "target_version": "1.1.0", "current_version": "1.0", "lkg_version": "1.0", "state": "quiescent", "make": "vibrant", "model": "butler-v1", "subsystem": "main"}}}}}}, "timestamp": "2026-05-11T17:43:39Z", "version": "1.5.2", "principal": "unknown", "source": "unknown.mocket", "publishTime": "2026-05-11T17:43:39Z", "nonce": "c0021864"}
/uufi/r/smoke-reg/d/smoke-dev/c/config/update: {"update": {"main": {"url": "file:///app/testing/blobs/default/default/main/1.1.0/dummy.bin", "sha256": "421ea1114759e1ceb56cd2c38e444ec1f75cd6faa75456826f4eb01442101c0a", "version": "1.1.0"}}, "timestamp": "2026-05-11T17:43:39Z", "version": "1.5.2", "principal": "unknown", "publishTime": "2026-05-11T17:43:39Z", "nonce": "47178dd5", "deviceRegistryId": "smoke-reg", "deviceId": "smoke-dev"}
/uufi/r/smoke-reg/d/smoke-dev/c/validation/validation: {"timestamp": "2026-05-11T17:43:39Z", "version": "1.5.2", "validation": {"message": "Update config sent to smoke-dev", "level": "INFO", "device_id": "smoke-dev", "timestamp": "2026-05-11T17:43:39Z", "version": "1.5.2"}, "projectId": "vibrant", "transactionId": "UUFI:verifier:1097e566", "publishTime": "2026-05-11T17:43:39Z", "source": "verifier", "nonce": "1097e566", "principal": "unknown.verifier", "deviceRegistryId": "smoke-reg", "deviceId": "smoke-dev"}
