[observe] Observer connected...
/uufi/c/state/udmi: {"projectId": "vibrant", "transactionId": "UUFI:butler:e747008c", "publishTime": "2026-05-10T23:43:30Z", "source": "butler", "nonce": "db1529b8", "payload": {"timestamp": "2026-05-10T23:43:30Z", "version": "1.5.2", "udmi": {"setup": {"functions_ver": 9, "transaction_id": "UUFI:butler:e747008c", "msg_source": "butler", "user": "unknown"}}}, "principal": "unknown"}
/uufi/r/smoke-reg/d/smoke-dev/c/state/update: {"projectId": "vibrant", "transactionId": "UUFI:mocket:cd7bb39c", "publishTime": "2026-05-10T23:43:35Z", "source": "mocket", "nonce": "cd7bb39c", "payload": {"timestamp": "2026-05-10T23:43:35Z", "version": "1.5.2", "update": {"current_version": "1.0", "lkg_version": "1.0", "status": "pending"}}, "principal": "unknown.mocket"}
Starting Observer with mqtt://localhost/...
Traceback (most recent call last):
  File "/app/./impl/B/bin/observe", line 7, in <module>
    main()
  File "/app/impl/B/butler/traffic_observer.py", line 20, in main
    transport.connect()
  File "/app/impl/B/butler/transport.py", line 35, in connect
    self.client.connect(host, port, 60)
  File "/app/impl/B/venv/lib/python3.12/site-packages/paho/mqtt/client.py", line 1435, in connect
    return self.reconnect()
           ^^^^^^^^^^^^^^^^
  File "/app/impl/B/venv/lib/python3.12/site-packages/paho/mqtt/client.py", line 1598, in reconnect
    self._sock = self._create_socket()
                 ^^^^^^^^^^^^^^^^^^^^^
  File "/app/impl/B/venv/lib/python3.12/site-packages/paho/mqtt/client.py", line 4609, in _create_socket
    sock = self._create_socket_connection()
           ^^^^^^^^^^^^^^^^^^^^^^^^^^^^^^^^
  File "/app/impl/B/venv/lib/python3.12/site-packages/paho/mqtt/client.py", line 4640, in _create_socket_connection
    return socket.create_connection(addr, timeout=self._connect_timeout, source_address=source)
           ^^^^^^^^^^^^^^^^^^^^^^^^^^^^^^^^^^^^^^^^^^^^^^^^^^^^^^^^^^^^^^^^^^^^^^^^^^^^^^^^^^^^
  File "/home/jules/.pyenv/versions/3.12.13/lib/python3.12/socket.py", line 865, in create_connection
    raise exceptions[0]
  File "/home/jules/.pyenv/versions/3.12.13/lib/python3.12/socket.py", line 850, in create_connection
    sock.connect(sa)
ConnectionRefusedError: [Errno 111] Connection refused
Starting Observer with mqtt://localhost/...
/uufi/r/smoke-reg/d/smoke-dev/c/state/update: {"principal": "unknown.mocket", "source": "unknown.mocket", "publishTime": "2026-05-11T17:21:24Z", "nonce": "6df27378", "payload": {"update": {"status": "quiescent", "current_version": null, "lkg_version": null}, "timestamp": "2026-05-11T17:21:24Z", "version": "1.5.2"}}
/uufi/c/config/cloud: {"principal": "unknown.mocket", "source": "unknown.mocket", "publishTime": "2026-05-11T17:21:24Z", "nonce": "d3829628", "payload": {"cloud": {"registries": {}}, "timestamp": "2026-05-11T17:21:24Z", "version": "1.5.2"}}
/uufi/r/smoke-reg/d/smoke-dev/c/state/update: {"principal": "unknown.mocket", "source": "unknown.mocket", "publishTime": "2026-05-11T17:21:29Z", "nonce": "ba56ccfa", "payload": {"update": {"status": "quiescent", "current_version": null, "lkg_version": null}, "timestamp": "2026-05-11T17:21:29Z", "version": "1.5.2"}}
/uufi/c/config/cloud: {"principal": "unknown.mocket", "source": "unknown.mocket", "publishTime": "2026-05-11T17:21:29Z", "nonce": "0694e46a", "payload": {"cloud": {"registries": {}}, "timestamp": "2026-05-11T17:21:29Z", "version": "1.5.2"}}
/uufi/r/smoke-reg/d/smoke-dev/c/events/validation: {"payload": {"version": "1.5.2", "timestamp": "2026-05-11T17:21:29Z", "validation": {"result": "PASS", "message": "Device smoke-reg/smoke-dev/main status transition: None -> quiescent (None)", "timestamp": "2026-05-11T17:21:29Z"}}, "transactionId": "tid-b1b96223", "nonce": "fac3af1c", "publishTime": "2026-05-11T17:21:29Z", "source": "verifier", "principal": "unknown-2a93"}
/uufi/c/config/cloud: {"payload": {"version": "1.5.2", "timestamp": "2026-05-11T17:21:30Z", "cloud": {"registries": {"smoke-reg": {"devices": {"smoke-dev": {"main": {"current_version": "0.0.0", "target_version": "0.0.0", "lkg_version": "0.0.0", "status": "quiescent", "make": "vibrant", "model": "butler-v1"}}}}}}}, "transactionId": "tid-2b8832d9", "nonce": "680f5e71", "publishTime": "2026-05-11T17:21:30Z", "source": "cli", "principal": "unknown-81f5"}
/uufi/c/model/cloud: {"payload": {"version": "1.5.2", "timestamp": "2026-05-11T17:21:30Z", "cloud": {"operation": "UPDATE", "registries": {"smoke-reg": {"devices": {"smoke-dev": {"main": {"target_version": "1.1.0"}}}}}}}, "transactionId": "tid-e66bc9c5", "nonce": "6abebdaf", "publishTime": "2026-05-11T17:21:30Z", "source": "cli", "principal": "unknown-bb78"}
/uufi/r/smoke-reg/d/smoke-dev/c/state/update: {"principal": "unknown.mocket", "source": "unknown.mocket", "publishTime": "2026-05-11T17:21:34Z", "nonce": "b9840844", "payload": {"update": {"status": "quiescent", "current_version": null, "lkg_version": null}, "timestamp": "2026-05-11T17:21:34Z", "version": "1.5.2"}}
/uufi/c/config/cloud: {"principal": "unknown.mocket", "source": "unknown.mocket", "publishTime": "2026-05-11T17:21:34Z", "nonce": "54800e0e", "payload": {"cloud": {"registries": {"smoke-reg": {"devices": {"smoke-dev": {"main": {"target_version": "1.1.0"}}}}}}, "timestamp": "2026-05-11T17:21:34Z", "version": "1.5.2"}}
/uufi/r/smoke-reg/d/smoke-dev/c/events/validation: {"payload": {"version": "1.5.2", "timestamp": "2026-05-11T17:21:34Z", "validation": {"result": "PASS", "message": "Device smoke-reg/smoke-dev/main status transition: quiescent -> quiescent (None)", "timestamp": "2026-05-11T17:21:34Z"}}, "transactionId": "tid-9275e1cf", "nonce": "1242460e", "publishTime": "2026-05-11T17:21:34Z", "source": "verifier", "principal": "unknown-2a93"}
Starting Observer with mqtt://localhost/...
/uufi/c/config/cloud: {"payload": {"version": "1.5.2", "timestamp": "2026-05-11T17:21:58Z", "cloud": {"registries": {}}}, "transactionId": "tid-cdffc654", "nonce": "1a12a31c", "publishTime": "2026-05-11T17:21:58Z", "source": "mocket", "principal": "unknown-95f7"}
/uufi/r/smoke-reg/d/smoke-dev/c/state/update: {"payload": {"version": "1.5.2", "timestamp": "2026-05-11T17:21:58Z", "update": {"current_version": "0.0.0", "lkg_version": "0.0.0", "status": "quiescent", "subsystem": "main"}}, "transactionId": "tid-1f6e1ebb", "nonce": "c7f04c0e", "publishTime": "2026-05-11T17:21:58Z", "source": "mocket", "principal": "unknown-95f7"}
/uufi/c/state/udmi: {"payload": {"version": "1.5.2", "timestamp": "2026-05-11T17:22:00Z", "udmi": {"setup": {"functions_ver": 9, "transaction_id": "handshake-1778520120", "msg_source": "unknown-09e5", "user": "unknown-09e5"}}}, "transactionId": "handshake-1778520120", "nonce": "306ea63c", "publishTime": "2026-05-11T17:22:00Z", "source": "unknown-09e5", "principal": "unknown-09e5"}
/uufi/c/config/udmi: {"payload": {"version": "1.5.2", "timestamp": "2026-05-11T17:22:00Z", "udmi": {"setup": {"functions_min": 9, "functions_max": 9, "udmi_version": "1.5.2"}, "reply": {"functions_ver": 9, "transaction_id": "handshake-1778520120", "msg_source": "unknown-09e5", "user": "unknown-09e5"}}}, "transactionId": "handshake-1778520120", "nonce": "8c915c96", "publishTime": "2026-05-11T17:22:00Z", "source": "mocket", "principal": "unknown-09e5"}
/uufi/c/config/cloud: {"payload": {"version": "1.5.2", "timestamp": "2026-05-11T17:22:00Z", "cloud": {"registries": {}}}, "transactionId": "tid-fcf6c2d6", "nonce": "d69daae6", "publishTime": "2026-05-11T17:22:00Z", "source": "mocket", "principal": "unknown-95f7"}
/uufi/c/query/cloud: {"payload": {"version": "1.5.2", "timestamp": "2026-05-11T17:22:00Z", "cloud": {"operation": "READ"}}, "transactionId": "tid-a9909f48", "nonce": "a5ed29f1", "publishTime": "2026-05-11T17:22:00Z", "source": "unknown-09e5", "principal": "unknown-09e5"}
/uufi/c/config/cloud: {"payload": {"version": "1.5.2", "timestamp": "2026-05-11T17:22:00Z", "cloud": {"registries": {}}}, "transactionId": "tid-62f89da2", "nonce": "4a5e773d", "publishTime": "2026-05-11T17:22:00Z", "source": "mocket", "principal": "unknown-95f7"}
/uufi/c/state/udmi: {"transactionId": "UUFI:handshake:8b706a9f", "principal": "unknown.verifier", "source": "unknown.verifier", "publishTime": "2026-05-11T17:22:02Z", "nonce": "4aa15dea", "payload": {"udmi": {"setup": {"functions_ver": 9, "transaction_id": "UUFI:handshake:8b706a9f", "msg_source": "unknown.verifier", "user": "unknown.verifier"}}, "timestamp": "2026-05-11T17:22:02Z", "version": "1.5.2"}}
/uufi/c/config/udmi: {"payload": {"version": "1.5.2", "timestamp": "2026-05-11T17:22:02Z", "udmi": {"setup": {"functions_min": 9, "functions_max": 9, "udmi_version": "1.5.2"}, "reply": {"functions_ver": 9, "transaction_id": "UUFI:handshake:8b706a9f", "msg_source": "unknown.verifier", "user": "unknown.verifier"}}}, "transactionId": "UUFI:handshake:8b706a9f", "nonce": "9cb90ae2", "publishTime": "2026-05-11T17:22:02Z", "source": "mocket", "principal": "unknown.verifier"}
/uufi/c/config/cloud: {"payload": {"version": "1.5.2", "timestamp": "2026-05-11T17:22:02Z", "cloud": {"registries": {}}}, "transactionId": "tid-7fd9ff38", "nonce": "c0131491", "publishTime": "2026-05-11T17:22:02Z", "source": "mocket", "principal": "unknown-95f7"}
/uufi/c/config/cloud: {"payload": {"version": "1.5.2", "timestamp": "2026-05-11T17:22:03Z", "cloud": {"registries": {}}}, "transactionId": "tid-f0b83e9d", "nonce": "bb656ce4", "publishTime": "2026-05-11T17:22:03Z", "source": "mocket", "principal": "unknown-95f7"}
/uufi/c/config/cloud: {"payload": {"version": "1.5.2", "timestamp": "2026-05-11T17:22:08Z", "cloud": {"registries": {"smoke-reg": {"devices": {"smoke-dev": {"make": "default", "model": "default", "main": {"target_version": "1.1.0"}}}}}}}, "transactionId": "tid-18879057", "nonce": "019abb56", "publishTime": "2026-05-11T17:22:08Z", "source": "mocket", "principal": "unknown-95f7"}
Starting Observer with mqtt://localhost/...
/uufi/c/config/cloud: {"payload": {"version": "1.5.2", "timestamp": "2026-05-11T17:42:55Z", "cloud": {"registries": {}}}, "transactionId": "tid-3c280a13", "nonce": "32f3efe6", "publishTime": "2026-05-11T17:42:55Z", "source": "mocket", "principal": "unknown-696d"}
/uufi/r/smoke-reg/d/smoke-dev/c/state/update: {"payload": {"version": "1.5.2", "timestamp": "2026-05-11T17:42:55Z", "update": {"current_version": "0.0.0", "lkg_version": "0.0.0", "status": "quiescent", "subsystem": "main"}}, "transactionId": "tid-6454103d", "nonce": "06a53f84", "publishTime": "2026-05-11T17:42:55Z", "source": "mocket", "principal": "unknown-696d"}
/uufi/c/state/udmi: {"payload": {"version": "1.5.2", "timestamp": "2026-05-11T17:42:57Z", "udmi": {"setup": {"functions_ver": 9, "transaction_id": "handshake-1778521377", "msg_source": "unknown-40dd", "user": "unknown-40dd"}}}, "transactionId": "handshake-1778521377", "nonce": "d3172e3c", "publishTime": "2026-05-11T17:42:57Z", "source": "unknown-40dd", "principal": "unknown-40dd"}
/uufi/c/config/udmi: {"payload": {"version": "1.5.2", "timestamp": "2026-05-11T17:42:57Z", "udmi": {"setup": {"functions_min": 9, "functions_max": 9, "udmi_version": "1.5.2"}, "reply": {"functions_ver": 9, "transaction_id": "handshake-1778521377", "msg_source": "unknown-40dd", "user": "unknown-40dd"}}}, "transactionId": "handshake-1778521377", "nonce": "0f8fef54", "publishTime": "2026-05-11T17:42:57Z", "source": "mocket", "principal": "unknown-40dd"}
/uufi/c/config/cloud: {"payload": {"version": "1.5.2", "timestamp": "2026-05-11T17:42:57Z", "cloud": {"registries": {}}}, "transactionId": "tid-ef44eab7", "nonce": "bba27d15", "publishTime": "2026-05-11T17:42:57Z", "source": "mocket", "principal": "unknown-696d"}
/uufi/c/query/cloud: {"payload": {"version": "1.5.2", "timestamp": "2026-05-11T17:42:57Z", "cloud": {"operation": "READ"}}, "transactionId": "tid-a15cd635", "nonce": "01d7392d", "publishTime": "2026-05-11T17:42:57Z", "source": "unknown-40dd", "principal": "unknown-40dd"}
/uufi/c/config/cloud: {"payload": {"version": "1.5.2", "timestamp": "2026-05-11T17:42:57Z", "cloud": {"registries": {}}}, "transactionId": "tid-e0bab1bf", "nonce": "584bdce7", "publishTime": "2026-05-11T17:42:57Z", "source": "mocket", "principal": "unknown-696d"}
/uufi/c/state/udmi: {"projectId": "vibrant", "transactionId": "UUFI:verifier:3459233f", "publishTime": "2026-05-11T17:42:59Z", "source": "verifier", "nonce": "da5a6289", "payload": {"timestamp": "2026-05-11T17:42:59Z", "version": "1.5.2", "udmi": {"setup": {"functions_ver": 9, "transaction_id": "UUFI:verifier:3459233f", "msg_source": "verifier", "user": "unknown.verifier"}}}, "principal": "unknown.verifier"}
/uufi/c/config/udmi: {"payload": {"version": "1.5.2", "timestamp": "2026-05-11T17:42:59Z", "udmi": {"setup": {"functions_min": 9, "functions_max": 9, "udmi_version": "1.5.2"}, "reply": {"functions_ver": 9, "transaction_id": "UUFI:verifier:3459233f", "msg_source": "verifier", "user": "unknown.verifier"}}}, "transactionId": "UUFI:verifier:3459233f", "nonce": "401c5c90", "publishTime": "2026-05-11T17:42:59Z", "source": "mocket", "principal": "unknown.verifier"}
/uufi/c/config/cloud: {"payload": {"version": "1.5.2", "timestamp": "2026-05-11T17:42:59Z", "cloud": {"registries": {}}}, "transactionId": "tid-010960f2", "nonce": "e1ae693d", "publishTime": "2026-05-11T17:42:59Z", "source": "mocket", "principal": "unknown-696d"}
/uufi/r/unknown/d/verifier/c/validation/validation: {"projectId": "vibrant", "transactionId": "UUFI:verifier:833148e1", "publishTime": "2026-05-11T17:42:59Z", "source": "verifier", "nonce": "833148e1", "payload": {"timestamp": "2026-05-11T17:42:59Z", "version": "1.5.2", "validation": {"message": "Handshake completed for verifier", "level": "INFO", "device_id": "verifier", "timestamp": "2026-05-11T17:42:59Z", "version": "1.5.2"}}, "principal": "unknown.verifier"}
/uufi/c/config/cloud: {"payload": {"version": "1.5.2", "timestamp": "2026-05-11T17:43:00Z", "cloud": {"registries": {}}}, "transactionId": "tid-1354f921", "nonce": "1c7508e6", "publishTime": "2026-05-11T17:43:00Z", "source": "mocket", "principal": "unknown-696d"}
/uufi/c/config/cloud: {"payload": {"version": "1.5.2", "timestamp": "2026-05-11T17:43:05Z", "cloud": {"registries": {"smoke-reg": {"devices": {"smoke-dev": {"main": {"registry_id": "smoke-reg", "device_id": "smoke-dev", "target_version": "1.1.0", "current_version": "1.0", "lkg_version": "1.0", "state": "quiescent", "make": "vibrant", "model": "butler-v1", "subsystem": "main"}}}}}}}, "transactionId": "tid-2bf99454", "nonce": "c6f5e62a", "publishTime": "2026-05-11T17:43:05Z", "source": "mocket", "principal": "unknown-696d"}
Starting Observer with mqtt://localhost/...
/uufi/r/smoke-reg/d/smoke-dev/c/state/update: {"principal": "unknown.mocket", "source": "unknown.mocket", "publishTime": "2026-05-11T17:43:06Z", "nonce": "a9552497", "payload": {"update": {"status": "quiescent", "current_version": null, "lkg_version": null}, "timestamp": "2026-05-11T17:43:06Z", "version": "1.5.2"}}
/uufi/c/config/cloud: {"principal": "unknown.mocket", "source": "unknown.mocket", "publishTime": "2026-05-11T17:43:06Z", "nonce": "fea00fea", "payload": {"cloud": {"registries": {}}, "timestamp": "2026-05-11T17:43:06Z", "version": "1.5.2"}}
/uufi/r/smoke-reg/d/smoke-dev/c/state/update: {"principal": "unknown.mocket", "source": "unknown.mocket", "publishTime": "2026-05-11T17:43:11Z", "nonce": "0e094d44", "payload": {"update": {"status": "quiescent", "current_version": null, "lkg_version": null}, "timestamp": "2026-05-11T17:43:11Z", "version": "1.5.2"}}
/uufi/c/config/cloud: {"principal": "unknown.mocket", "source": "unknown.mocket", "publishTime": "2026-05-11T17:43:11Z", "nonce": "698858b1", "payload": {"cloud": {"registries": {}}, "timestamp": "2026-05-11T17:43:11Z", "version": "1.5.2"}}
/uufi/r/smoke-reg/d/smoke-dev/c/events/validation: {"payload": {"version": "1.5.2", "timestamp": "2026-05-11T17:43:11Z", "validation": {"result": "PASS", "message": "Device smoke-reg/smoke-dev/main status transition: None -> quiescent (None)", "timestamp": "2026-05-11T17:43:11Z"}}, "transactionId": "tid-db0883fc", "nonce": "59e65f57", "publishTime": "2026-05-11T17:43:11Z", "source": "verifier", "principal": "unknown-2b1d"}
/uufi/c/config/cloud: {"payload": {"version": "1.5.2", "timestamp": "2026-05-11T17:43:12Z", "cloud": {"registries": {"smoke-reg": {"devices": {"smoke-dev": {"main": {"current_version": "0.0.0", "target_version": "0.0.0", "lkg_version": "0.0.0", "status": "quiescent", "make": "vibrant", "model": "butler-v1"}}}}}}}, "transactionId": "tid-ea00c90c", "nonce": "033c788d", "publishTime": "2026-05-11T17:43:12Z", "source": "cli", "principal": "unknown-ca47"}
/uufi/c/model/cloud: {"payload": {"version": "1.5.2", "timestamp": "2026-05-11T17:43:13Z", "cloud": {"operation": "UPDATE", "registries": {"smoke-reg": {"devices": {"smoke-dev": {"main": {"target_version": "1.1.0"}}}}}}}, "transactionId": "tid-d4abad69", "nonce": "45102fb3", "publishTime": "2026-05-11T17:43:13Z", "source": "cli", "principal": "unknown-c686"}
/uufi/r/smoke-reg/d/smoke-dev/c/state/update: {"principal": "unknown.mocket", "source": "unknown.mocket", "publishTime": "2026-05-11T17:43:16Z", "nonce": "ffc3a265", "payload": {"update": {"status": "quiescent", "current_version": null, "lkg_version": null}, "timestamp": "2026-05-11T17:43:16Z", "version": "1.5.2"}}
/uufi/c/config/cloud: {"principal": "unknown.mocket", "source": "unknown.mocket", "publishTime": "2026-05-11T17:43:16Z", "nonce": "1ab09206", "payload": {"cloud": {"registries": {"smoke-reg": {"devices": {"smoke-dev": {"main": {"target_version": "1.1.0"}}}}}}, "timestamp": "2026-05-11T17:43:16Z", "version": "1.5.2"}}
/uufi/r/smoke-reg/d/smoke-dev/c/events/validation: {"payload": {"version": "1.5.2", "timestamp": "2026-05-11T17:43:16Z", "validation": {"result": "PASS", "message": "Device smoke-reg/smoke-dev/main status transition: quiescent -> quiescent (None)", "timestamp": "2026-05-11T17:43:16Z"}}, "transactionId": "tid-55b4819e", "nonce": "4909c706", "publishTime": "2026-05-11T17:43:16Z", "source": "verifier", "principal": "unknown-2b1d"}
Starting Observer with mqtt://localhost/...
/uufi/c/config/cloud: {"payload": {"version": "1.5.2", "timestamp": "2026-05-11T17:43:40Z", "cloud": {"registries": {}}}, "transactionId": "tid-74b9b230", "nonce": "68d55281", "publishTime": "2026-05-11T17:43:40Z", "source": "mocket", "principal": "unknown-e604"}
/uufi/r/smoke-reg/d/smoke-dev/c/state/update: {"payload": {"version": "1.5.2", "timestamp": "2026-05-11T17:43:40Z", "update": {"current_version": "0.0.0", "lkg_version": "0.0.0", "status": "quiescent", "subsystem": "main"}}, "transactionId": "tid-fcb09fce", "nonce": "5b42b5c4", "publishTime": "2026-05-11T17:43:40Z", "source": "mocket", "principal": "unknown-e604"}
/uufi/c/state/udmi: {"payload": {"version": "1.5.2", "timestamp": "2026-05-11T17:43:42Z", "udmi": {"setup": {"functions_ver": 9, "transaction_id": "handshake-1778521422", "msg_source": "unknown-eeec", "user": "unknown-eeec"}}}, "transactionId": "handshake-1778521422", "nonce": "510150ce", "publishTime": "2026-05-11T17:43:42Z", "source": "unknown-eeec", "principal": "unknown-eeec"}
/uufi/c/config/udmi: {"payload": {"version": "1.5.2", "timestamp": "2026-05-11T17:43:42Z", "udmi": {"setup": {"functions_min": 9, "functions_max": 9, "udmi_version": "1.5.2"}, "reply": {"functions_ver": 9, "transaction_id": "handshake-1778521422", "msg_source": "unknown-eeec", "user": "unknown-eeec"}}}, "transactionId": "handshake-1778521422", "nonce": "00a6ade5", "publishTime": "2026-05-11T17:43:42Z", "source": "mocket", "principal": "unknown-eeec"}
/uufi/c/config/cloud: {"payload": {"version": "1.5.2", "timestamp": "2026-05-11T17:43:42Z", "cloud": {"registries": {}}}, "transactionId": "tid-24ea769d", "nonce": "31462b7b", "publishTime": "2026-05-11T17:43:42Z", "source": "mocket", "principal": "unknown-e604"}
/uufi/c/query/cloud: {"payload": {"version": "1.5.2", "timestamp": "2026-05-11T17:43:43Z", "cloud": {"operation": "READ"}}, "transactionId": "tid-ed05da3d", "nonce": "b7d12527", "publishTime": "2026-05-11T17:43:43Z", "source": "unknown-eeec", "principal": "unknown-eeec"}
/uufi/c/config/cloud: {"payload": {"version": "1.5.2", "timestamp": "2026-05-11T17:43:43Z", "cloud": {"registries": {}}}, "transactionId": "tid-e342ae7d", "nonce": "dff8ce5d", "publishTime": "2026-05-11T17:43:43Z", "source": "mocket", "principal": "unknown-e604"}
/uufi/c/state/udmi: {"transactionId": "UUFI:handshake:0ef070fb", "principal": "unknown.verifier", "source": "unknown.verifier", "publishTime": "2026-05-11T17:43:45Z", "nonce": "7e4cfe8d", "payload": {"udmi": {"setup": {"functions_ver": 9, "transaction_id": "UUFI:handshake:0ef070fb", "msg_source": "unknown.verifier", "user": "unknown.verifier"}}, "timestamp": "2026-05-11T17:43:45Z", "version": "1.5.2"}}
/uufi/c/config/udmi: {"payload": {"version": "1.5.2", "timestamp": "2026-05-11T17:43:45Z", "udmi": {"setup": {"functions_min": 9, "functions_max": 9, "udmi_version": "1.5.2"}, "reply": {"functions_ver": 9, "transaction_id": "UUFI:handshake:0ef070fb", "msg_source": "unknown.verifier", "user": "unknown.verifier"}}}, "transactionId": "UUFI:handshake:0ef070fb", "nonce": "50392209", "publishTime": "2026-05-11T17:43:45Z", "source": "mocket", "principal": "unknown.verifier"}
/uufi/c/config/cloud: {"payload": {"version": "1.5.2", "timestamp": "2026-05-11T17:43:45Z", "cloud": {"registries": {}}}, "transactionId": "tid-63fc4cb0", "nonce": "1935cc5f", "publishTime": "2026-05-11T17:43:45Z", "source": "mocket", "principal": "unknown-e604"}
/uufi/c/config/cloud: {"payload": {"version": "1.5.2", "timestamp": "2026-05-11T17:43:45Z", "cloud": {"registries": {}}}, "transactionId": "tid-eba9a14a", "nonce": "fb421d7c", "publishTime": "2026-05-11T17:43:45Z", "source": "mocket", "principal": "unknown-e604"}
/uufi/c/config/cloud: {"payload": {"version": "1.5.2", "timestamp": "2026-05-11T17:43:50Z", "cloud": {"registries": {"smoke-reg": {"devices": {"smoke-dev": {"make": "default", "model": "default", "main": {"target_version": "1.1.0"}}}}}}}, "transactionId": "tid-e2388857", "nonce": "aa59250e", "publishTime": "2026-05-11T17:43:50Z", "source": "mocket", "principal": "unknown-e604"}
